\BOOKMARK [0][-]{Doc-Start}{Acknowledgements}{}% 1
\BOOKMARK [0][-]{Doc-Start}{Abstract}{}% 2
\BOOKMARK [0][-]{chapter*.2}{List of Tables}{}% 3
\BOOKMARK [0][-]{chapter*.3}{List of Figures}{}% 4
\BOOKMARK [0][-]{chapter*.3}{Abbreviations}{}% 5
\BOOKMARK [0][-]{chapter*.3}{Notations}{}% 6
\BOOKMARK [0][-]{chapter.1}{Introduction}{}% 7
\BOOKMARK [1][-]{section.1.1}{Introduction}{chapter.1}% 8
\BOOKMARK [1][-]{section.1.2}{Motivation}{chapter.1}% 9
\BOOKMARK [1][-]{section.1.3}{Objectives}{chapter.1}% 10
\BOOKMARK [1][-]{section.1.4}{Organization of Report}{chapter.1}% 11
\BOOKMARK [0][-]{chapter.2}{Literature Survey}{}% 12
\BOOKMARK [0][-]{chapter.3}{Design and Methodology}{}% 13
\BOOKMARK [1][-]{section.3.1}{System Analysis}{chapter.3}% 14
\BOOKMARK [2][-]{subsection.3.1.1}{What is a Waterfall Model?}{section.3.1}% 15
\BOOKMARK [2][-]{subsection.3.1.2}{Requirements:}{section.3.1}% 16
\BOOKMARK [2][-]{subsection.3.1.3}{System design}{section.3.1}% 17
\BOOKMARK [2][-]{subsection.3.1.4}{Implementation}{section.3.1}% 18
\BOOKMARK [2][-]{subsection.3.1.5}{Inclusion and Testing}{section.3.1}% 19
\BOOKMARK [2][-]{subsection.3.1.6}{Deployement of the System}{section.3.1}% 20
\BOOKMARK [1][-]{section.3.2}{Rights of Functioning}{chapter.3}% 21
\BOOKMARK [1][-]{section.3.3}{Non-Functional Requirements}{chapter.3}% 22
\BOOKMARK [2][-]{subsection.3.3.1}{What is Non Functional Requirement?}{section.3.3}% 23
\BOOKMARK [2][-]{subsection.3.3.2}{Examples of Non Functional Requirements}{section.3.3}% 24
\BOOKMARK [2][-]{subsection.3.3.3}{Benefits of Non Functional Requirements}{section.3.3}% 25
\BOOKMARK [2][-]{subsection.3.3.4}{Drawbacks of Non Functional Requirements}{section.3.3}% 26
\BOOKMARK [0][-]{chapter.4}{Chapter Title}{}% 27
\BOOKMARK [1][-]{section.4.1}{abvvv}{chapter.4}% 28
\BOOKMARK [0][-]{chapter.5}{Student Contribution}{}% 29
\BOOKMARK [1][-]{section.5.1}{Contribution of Student 1}{chapter.5}% 30
\BOOKMARK [1][-]{section.5.2}{Contribution of Student 2}{chapter.5}% 31
\BOOKMARK [0][-]{chapter.6}{Conclusion and Future Scope}{}% 32
\BOOKMARK [1][-]{section.6.1}{vvvvv}{chapter.6}% 33
\BOOKMARK [0][-]{section*.4}{Appendices}{}% 34
\BOOKMARK [0][-]{appendix.A}{Code \(if required\)}{}% 35
\BOOKMARK [1][-]{section.A.1}{Kerberos Protocol}{appendix.A}% 36
\BOOKMARK [1][-]{section.A.2}{Kerberos Protocol with Freshness Concept}{appendix.A}% 37
\BOOKMARK [0][-]{appendix.B}{Trace Files}{}% 38
\BOOKMARK [1][-]{section.B.1}{Replay Attack}{appendix.B}% 39
\BOOKMARK [1][-]{section.B.2}{Replay Attack overcome using Freshness Concept}{appendix.B}% 40
\BOOKMARK [0][-]{section.B.2}{References}{}% 41
\BOOKMARK [0][-]{appendix*.5}{ProjectDetail}{}% 42
