This is pdfTeX, Version 3.141592-1.40.4 (MiKTeX 2.7) (preloaded format=pdflatex 2010.4.8)  12 APR 2010 18:40
entering extended mode
**C:/Users/SHILPA/Desktop/Final*Project/Kerberos*Report/Appendix/appendix.tex
("C:/Users/SHILPA/Desktop/Final Project/Kerberos Report/Appendix/appendix.tex"
LaTeX2e <2005/12/01>
Babel <v3.8h> and hyphenation patterns for english, dumylang, nohyphenation, ge
rman, ngerman, french, loaded.

! LaTeX Error: Environment appendix undefined.

See the LaTeX manual or LaTeX Companion for explanation.
Type  H <return>  for immediate help.
 ...                                              
                                                  
l.1 \begin{appendix}
                    
Your command was ignored.
Type  I <command> <return>  to replace it with another command,
or  <return>  to continue without it.

! Undefined control sequence.
l.3 \chapter
            {NuSMV Code}
The control sequence at the end of the top line
of your error message was never \def'ed. If you have
misspelled it (e.g., `\hobx'), type `I' and the correct
spelling (e.g., `I\hbox'). Otherwise just continue,
and I'll forget about whatever was undefined.


! LaTeX Error: Missing \begin{document}.

See the LaTeX manual or LaTeX Companion for explanation.
Type  H <return>  for immediate help.
 ...                                              
                                                  
l.3 \chapter{N
              uSMV Code}
You're in trouble here.  Try typing  <return>  to proceed.
If that doesn't work, type  X <return>  to quit.

Missing character: There is no N in font nullfont!
Missing character: There is no u in font nullfont!
Missing character: There is no S in font nullfont!
Missing character: There is no M in font nullfont!
Missing character: There is no V in font nullfont!
Missing character: There is no C in font nullfont!
Missing character: There is no o in font nullfont!
Missing character: There is no d in font nullfont!
Missing character: There is no e in font nullfont!
! Undefined control sequence.
l.4 \section
            {Kerberos Protocol}
The control sequence at the end of the top line
of your error message was never \def'ed. If you have
misspelled it (e.g., `\hobx'), type `I' and the correct
spelling (e.g., `I\hbox'). Otherwise just continue,
and I'll forget about whatever was undefined.

Missing character: There is no K in font nullfont!
Missing character: There is no e in font nullfont!
Missing character: There is no r in font nullfont!
Missing character: There is no b in font nullfont!
Missing character: There is no e in font nullfont!
Missing character: There is no r in font nullfont!
Missing character: There is no o in font nullfont!
Missing character: There is no s in font nullfont!
Missing character: There is no P in font nullfont!
Missing character: There is no r in font nullfont!
Missing character: There is no o in font nullfont!
Missing character: There is no t in font nullfont!
Missing character: There is no o in font nullfont!
Missing character: There is no c in font nullfont!
Missing character: There is no o in font nullfont!
Missing character: There is no l in font nullfont!
! Undefined control sequence.
l.5 \scriptsize
               {
The control sequence at the end of the top line
of your error message was never \def'ed. If you have
misspelled it (e.g., `\hobx'), type `I' and the correct
spelling (e.g., `I\hbox'). Otherwise just continue,
and I'll forget about whatever was undefined.


Overfull \hbox (20.0pt too wide) in paragraph at lines 3--6
[]
 []


Overfull \hbox (57.7495pt too wide) in paragraph at lines 173--173
[]\OT1/cmtt/m/n/10 MODULE main[] 
 []


Overfull \hbox (15.74986pt too wide) in paragraph at lines 173--173
[]\OT1/cmtt/m/n/10 VAR[] 
 []


Overfull \hbox (220.49808pt too wide) in paragraph at lines 173--173
[]\OT1/cmtt/m/n/10 --Creating agents which are to type agtype[] 
 []


Overfull \hbox (68.2494pt too wide) in paragraph at lines 173--173
[]\OT1/cmtt/m/n/10 agA : agtype;[] 
 []


Overfull \hbox (68.2494pt too wide) in paragraph at lines 173--173
[]\OT1/cmtt/m/n/10 agB : agtype;[] 
 []


Overfull \hbox (68.2494pt too wide) in paragraph at lines 173--173
[]\OT1/cmtt/m/n/10 agS : agtype;[] 
 []


Overfull \hbox (68.2494pt too wide) in paragraph at lines 173--173
[]\OT1/cmtt/m/n/10 agI : agtype;[] 
 []


Overfull \hbox (89.24922pt too wide) in paragraph at lines 173--173
[]\OT1/cmtt/m/n/10 Iactive: boolean;[] 
 []


Overfull \hbox (241.4979pt too wide) in paragraph at lines 173--173
[]\OT1/cmtt/m/n/10 --Assigning initial to values to all variables[] 
 []


Overfull \hbox (31.49973pt too wide) in paragraph at lines 173--173
[]\OT1/cmtt/m/n/10 ASSIGN[] 
 []


Overfull \hbox (115.499pt too wide) in paragraph at lines 173--173
[]\OT1/cmtt/m/n/10 init(agA.state):=wait;[] 
 []


Overfull \hbox (115.499pt too wide) in paragraph at lines 173--173
[]\OT1/cmtt/m/n/10 init(agB.state):=wait;[] 
 []


Overfull \hbox (115.499pt too wide) in paragraph at lines 173--173
[]\OT1/cmtt/m/n/10 init(agS.state):=wait;[] 
 []


Overfull \hbox (115.499pt too wide) in paragraph at lines 173--173
[]\OT1/cmtt/m/n/10 init(agI.state):=wait;[] 
 []


Overfull \hbox (99.74913pt too wide) in paragraph at lines 173--173
[]\OT1/cmtt/m/n/10 init(agA.count):=0;[] 
 []


Overfull \hbox (99.74913pt too wide) in paragraph at lines 173--173
[]\OT1/cmtt/m/n/10 init(agB.count):=0;[] 
 []


Overfull \hbox (99.74913pt too wide) in paragraph at lines 173--173
[]\OT1/cmtt/m/n/10 init(agS.count):=0;[] 
 []


Overfull \hbox (99.74913pt too wide) in paragraph at lines 173--173
[]\OT1/cmtt/m/n/10 init(agI.count):=0;[] 
 []


Overfull \hbox (162.74858pt too wide) in paragraph at lines 173--173
[]\OT1/cmtt/m/n/10 init(agA.authenticated):=FALSE;[] 
 []


Overfull \hbox (162.74858pt too wide) in paragraph at lines 173--173
[]\OT1/cmtt/m/n/10 init(agB.authenticated):=FALSE;[] 
 []


Overfull \hbox (162.74858pt too wide) in paragraph at lines 173--173
[]\OT1/cmtt/m/n/10 init(agI.authenticated):=FALSE;[] 
 []


Overfull \hbox (157.49863pt too wide) in paragraph at lines 173--173
[]\OT1/cmtt/m/n/10 init(agS.authenticated):=TRUE;[] 
 []


Overfull \hbox (383.24666pt too wide) in paragraph at lines 173--173
[]\OT1/cmtt/m/n/10 --Transitions for the variable indicating presence or absenc
e of intruder[] 
 []


Overfull \hbox (78.74931pt too wide) in paragraph at lines 173--173
[]\OT1/cmtt/m/n/10 next(Iactive):=[] 
 []


Overfull \hbox (20.99982pt too wide) in paragraph at lines 173--173
[]\OT1/cmtt/m/n/10 case[] 
 []


Overfull \hbox (78.74931pt too wide) in paragraph at lines 173--173
[]\OT1/cmtt/m/n/10 !Iactive:{0,1};[] 
 []


Overfull \hbox (204.74821pt too wide) in paragraph at lines 173--173
[]\OT1/cmtt/m/n/10 Iactive & agI.state=receive4beta:{0,1};[] 
 []


Overfull \hbox (52.49954pt too wide) in paragraph at lines 173--173
[]\OT1/cmtt/m/n/10 1:Iactive;[] 
 []


Overfull \hbox (26.24977pt too wide) in paragraph at lines 173--173
[]\OT1/cmtt/m/n/10 esac;[] 
 []


Overfull \hbox (173.24849pt too wide) in paragraph at lines 173--173
[]\OT1/cmtt/m/n/10 --Transitions for agent A's state[] 
 []


Overfull \hbox (89.24922pt too wide) in paragraph at lines 173--173
[]\OT1/cmtt/m/n/10 next(agA.state):=[] 
 []


Overfull \hbox (20.99982pt too wide) in paragraph at lines 173--173
[]\OT1/cmtt/m/n/10 case[] 
 []


Overfull \hbox (115.499pt too wide) in paragraph at lines 173--173
[]\OT1/cmtt/m/n/10 agA.state=wait: send1;[] 
 []


Overfull \hbox (230.99799pt too wide) in paragraph at lines 173--173
[]\OT1/cmtt/m/n/10 agS.state=send2 & agA.state=send1: receive2;[] 
 []


Overfull \hbox (162.74858pt too wide) in paragraph at lines 173--173
[]\OT1/cmtt/m/n/10 agA.state=receive2: send3alpha;[] 
 []


Overfull \hbox (309.7473pt too wide) in paragraph at lines 173--173
[]\OT1/cmtt/m/n/10 agB.state=send4alpha & agA.state=send3alpha: receive4alpha;[
] 
 []


Overfull \hbox (157.49863pt too wide) in paragraph at lines 173--173
[]\OT1/cmtt/m/n/10 agA.state=receive4alpha: wait;[] 
 []


Overfull \hbox (62.99945pt too wide) in paragraph at lines 173--173
[]\OT1/cmtt/m/n/10 1:agA.state;[] 
 []


Overfull \hbox (26.24977pt too wide) in paragraph at lines 173--173
[]\OT1/cmtt/m/n/10 esac;[] 
 []


Overfull \hbox (173.24849pt too wide) in paragraph at lines 173--173
[]\OT1/cmtt/m/n/10 --Transitions for agent B's state[] 
 []


Overfull \hbox (89.24922pt too wide) in paragraph at lines 173--173
[]\OT1/cmtt/m/n/10 next(agB.state):=[] 
 []


Overfull \hbox (20.99982pt too wide) in paragraph at lines 173--173
[]\OT1/cmtt/m/n/10 case[] 
 []


Overfull \hbox (278.24757pt too wide) in paragraph at lines 173--173
[]\OT1/cmtt/m/n/10 agA.state=send3alpha & agB.state=wait: receive3alpha;[] 
 []


Overfull \hbox (320.24721pt too wide) in paragraph at lines 173--173
[]\OT1/cmtt/m/n/10 agI.state=send3beta & agB.state=wait & Iactive: receive3beta
;[] 
 []


Overfull \hbox (351.74693pt too wide) in paragraph at lines 173--173
[]\OT1/cmtt/m/n/10 agI.state=send3beta & agB.state=send4alpha & Iactive: receiv
e3beta;[] 
 []


Overfull \hbox (183.7484pt too wide) in paragraph at lines 173--173
[]\OT1/cmtt/m/n/10 agB.state=receive3alpha:send4alpha;[] 
 []


Overfull \hbox (173.24849pt too wide) in paragraph at lines 173--173
[]\OT1/cmtt/m/n/10 agB.state=receive3beta:send4beta;[] 
 []


Overfull \hbox (136.49881pt too wide) in paragraph at lines 173--173
[]\OT1/cmtt/m/n/10 agB.state=send4alpha:wait;[] 
 []


Overfull \hbox (62.99945pt too wide) in paragraph at lines 173--173
[]\OT1/cmtt/m/n/10 1:agB.state;[] 
 []


Overfull \hbox (26.24977pt too wide) in paragraph at lines 173--173
[]\OT1/cmtt/m/n/10 esac;[] 
 []


Overfull \hbox (178.49844pt too wide) in paragraph at lines 173--173
[]\OT1/cmtt/m/n/10 --Transitions for Server S's state[] 
 []


Overfull \hbox (89.24922pt too wide) in paragraph at lines 173--173
[]\OT1/cmtt/m/n/10 next(agS.state):=[] 
 []


Overfull \hbox (20.99982pt too wide) in paragraph at lines 173--173
[]\OT1/cmtt/m/n/10 case[] 
 []


Overfull \hbox (225.74803pt too wide) in paragraph at lines 173--173
[]\OT1/cmtt/m/n/10 agA.state=send1 & agS.state=wait: receive1;[] 
 []


Overfull \hbox (131.24886pt too wide) in paragraph at lines 173--173
[]\OT1/cmtt/m/n/10 agS.state=receive1:send2;[] 
 []


Overfull \hbox (110.24904pt too wide) in paragraph at lines 173--173
[]\OT1/cmtt/m/n/10 agS.state=send2:wait;[] 
 []


Overfull \hbox (62.99945pt too wide) in paragraph at lines 173--173
[]\OT1/cmtt/m/n/10 1:agS.state;[] 
 []


Overfull \hbox (26.24977pt too wide) in paragraph at lines 173--173
[]\OT1/cmtt/m/n/10 esac;[] 
 []


Overfull \hbox (199.49826pt too wide) in paragraph at lines 173--173
[]\OT1/cmtt/m/n/10 --Transitions for the Intruder's state[] 
 []


Overfull \hbox (89.24922pt too wide) in paragraph at lines 173--173
[]\OT1/cmtt/m/n/10 next(agI.state):=[] 
 []


Overfull \hbox (20.99982pt too wide) in paragraph at lines 173--173
[]\OT1/cmtt/m/n/10 case[] 
 []


Overfull \hbox (414.74638pt too wide) in paragraph at lines 173--173
[]\OT1/cmtt/m/n/10 agI.state=wait & agA.state=send3alpha & agB.state=wait & Iac
tive: receive3beta;[] 
 []


Overfull \hbox (230.99799pt too wide) in paragraph at lines 173--173
[]\OT1/cmtt/m/n/10 agI.state=receive3beta & Iactive: send3beta;[] 
 []


Overfull \hbox (356.99689pt too wide) in paragraph at lines 173--173
[]\OT1/cmtt/m/n/10 agI.state=send3beta & agB.state=send4beta & Iactive  : recei
ve4beta;[] 
 []


Overfull \hbox (204.74821pt too wide) in paragraph at lines 173--173
[]\OT1/cmtt/m/n/10 agI.state=receive4beta & Iactive: wait;[] 
 []


Overfull \hbox (62.99945pt too wide) in paragraph at lines 173--173
[]\OT1/cmtt/m/n/10 1:agI.state;[] 
 []


Overfull \hbox (26.24977pt too wide) in paragraph at lines 173--173
[]\OT1/cmtt/m/n/10 esac;[] 
 []


Overfull \hbox (183.7484pt too wide) in paragraph at lines 173--173
[]\OT1/cmtt/m/n/10 --Transitions for Agent A's counter[] 
 []


Overfull \hbox (89.24922pt too wide) in paragraph at lines 173--173
[]\OT1/cmtt/m/n/10 next(agA.count):=[] 
 []


Overfull \hbox (20.99982pt too wide) in paragraph at lines 173--173
[]\OT1/cmtt/m/n/10 case[] 
 []


Overfull \hbox (241.4979pt too wide) in paragraph at lines 173--173
[]\OT1/cmtt/m/n/10 agA.state=send1|agA.state=receive2: agA.count;[] 
 []


Overfull \hbox (246.74785pt too wide) in paragraph at lines 173--173
[]\OT1/cmtt/m/n/10 agA.state=send3alpha & agA.count<1:agA.count+1;[] 
 []


Overfull \hbox (188.99835pt too wide) in paragraph at lines 173--173
[]\OT1/cmtt/m/n/10 agA.count=1 & agA.state=receive2: 0;[] 
 []


Overfull \hbox (62.99945pt too wide) in paragraph at lines 173--173
[]\OT1/cmtt/m/n/10 1:agA.count;[] 
 []


Overfull \hbox (26.24977pt too wide) in paragraph at lines 173--173
[]\OT1/cmtt/m/n/10 esac;[] 
 []


Overfull \hbox (183.7484pt too wide) in paragraph at lines 173--173
[]\OT1/cmtt/m/n/10 --Transitions for Agent B's counter[] 
 []


Overfull \hbox (89.24922pt too wide) in paragraph at lines 173--173
[]\OT1/cmtt/m/n/10 next(agB.count):=[] 
 []


Overfull \hbox (20.99982pt too wide) in paragraph at lines 173--173
[]\OT1/cmtt/m/n/10 case[] 
 []


Overfull \hbox (461.99597pt too wide) in paragraph at lines 173--173
[]\OT1/cmtt/m/n/10 agB.state=receive3beta & agB.count<2|agB.state=receive3alpha
 & agB.count<2: agB.count+1;[] 
 []


Overfull \hbox (272.99762pt too wide) in paragraph at lines 173--173
[]\OT1/cmtt/m/n/10 agB.state=send4alpha |agB.state=send4beta:agB.count;[] 
 []


Overfull \hbox (267.74767pt too wide) in paragraph at lines 173--173
[]\OT1/cmtt/m/n/10 agB.count=1 & agA.state=receive4alpha & !Iactive:0;[] 
 []


Overfull \hbox (383.24666pt too wide) in paragraph at lines 173--173
[]\OT1/cmtt/m/n/10 agB.count=2 & agA.state=send3alpha|agB.count=1 & agA.state=s
end3alpha: 0;[] 
 []


! LaTeX Error: The font size command \normalsize is not defined:
               there is probably something wrong with the class file.

See the LaTeX manual or LaTeX Companion for explanation.
Type  H <return>  for immediate help.
 ...                                              
                                                  
l.173 \end{verbatim}
                    
Your command was ignored.
Type  I <command> <return>  to replace it with another command,
or  <return>  to continue without it.

[1{C:/ProgramData/MiKTeX/2.7/pdftex/config/pdftex.map}]
Overfull \hbox (62.99945pt too wide) in paragraph at lines 173--173
[]\OT1/cmtt/m/n/10 1:agB.count;[] 
 []


Overfull \hbox (26.24977pt too wide) in paragraph at lines 173--173
[]\OT1/cmtt/m/n/10 esac;[] 
 []


Overfull \hbox (183.7484pt too wide) in paragraph at lines 173--173
[]\OT1/cmtt/m/n/10 --Transitions for Agent I's counter[] 
 []


Overfull \hbox (89.24922pt too wide) in paragraph at lines 173--173
[]\OT1/cmtt/m/n/10 next(agI.count):=[] 
 []


Overfull \hbox (20.99982pt too wide) in paragraph at lines 173--173
[]\OT1/cmtt/m/n/10 case[] 
 []


Overfull \hbox (309.7473pt too wide) in paragraph at lines 173--173
[]\OT1/cmtt/m/n/10 agI.state=receive3beta & agI.count<2 & Iactive:agI.count+1;[
] 
 []


Overfull \hbox (209.99817pt too wide) in paragraph at lines 173--173
[]\OT1/cmtt/m/n/10 agI.state=send3beta & Iactive:agI.count;[] 
 []


Overfull \hbox (314.99725pt too wide) in paragraph at lines 173--173
[]\OT1/cmtt/m/n/10 agI.state=receive4beta & agI.count<2 & Iactive: agI.count+1;
[] 
 []


Overfull \hbox (78.74931pt too wide) in paragraph at lines 173--173
[]\OT1/cmtt/m/n/10 agI.count=2: 0;[] 
 []


Overfull \hbox (62.99945pt too wide) in paragraph at lines 173--173
[]\OT1/cmtt/m/n/10 1:agI.count;[] 
 []


Overfull \hbox (26.24977pt too wide) in paragraph at lines 173--173
[]\OT1/cmtt/m/n/10 esac;[] 
 []


Overfull \hbox (325.49716pt too wide) in paragraph at lines 173--173
[]\OT1/cmtt/m/n/10 --Transitions for variable indicating agent A's authenticati
on[] 
 []


Overfull \hbox (131.24886pt too wide) in paragraph at lines 173--173
[]\OT1/cmtt/m/n/10 next(agA.authenticated):=[] 
 []


Overfull \hbox (20.99982pt too wide) in paragraph at lines 173--173
[]\OT1/cmtt/m/n/10 case[] 
 []


Overfull \hbox (157.49863pt too wide) in paragraph at lines 173--173
[]\OT1/cmtt/m/n/10 agA.state=receive4alpha :TRUE;[] 
 []


Overfull \hbox (104.99908pt too wide) in paragraph at lines 173--173
[]\OT1/cmtt/m/n/10 1:agA.authenticated;[] 
 []


Overfull \hbox (26.24977pt too wide) in paragraph at lines 173--173
[]\OT1/cmtt/m/n/10 esac;[] 
 []


Overfull \hbox (325.49716pt too wide) in paragraph at lines 173--173
[]\OT1/cmtt/m/n/10 --Transitions for variable indicating agent B's authenticati
on[] 
 []


Overfull \hbox (131.24886pt too wide) in paragraph at lines 173--173
[]\OT1/cmtt/m/n/10 next(agB.authenticated):=[] 
 []


Overfull \hbox (20.99982pt too wide) in paragraph at lines 173--173
[]\OT1/cmtt/m/n/10 case[] 
 []


Overfull \hbox (251.9978pt too wide) in paragraph at lines 173--173
[]\OT1/cmtt/m/n/10 agB.state=send4alpha |agB.state=send4beta :TRUE;[] 
 []


Overfull \hbox (104.99908pt too wide) in paragraph at lines 173--173
[]\OT1/cmtt/m/n/10 1:agB.authenticated;[] 
 []


Overfull \hbox (26.24977pt too wide) in paragraph at lines 173--173
[]\OT1/cmtt/m/n/10 esac;[] 
 []


Overfull \hbox (356.99689pt too wide) in paragraph at lines 173--173
[]\OT1/cmtt/m/n/10 --Transitions for variable indicating agent B's authenticati
on which[] 
 []


Overfull \hbox (267.74767pt too wide) in paragraph at lines 173--173
[]\OT1/cmtt/m/n/10 --indicates that it has received the fourth message[] 
 []


Overfull \hbox (131.24886pt too wide) in paragraph at lines 173--173
[]\OT1/cmtt/m/n/10 next(agI.authenticated):=[] 
 []


Overfull \hbox (20.99982pt too wide) in paragraph at lines 173--173
[]\OT1/cmtt/m/n/10 case[] 
 []


Overfull \hbox (152.24867pt too wide) in paragraph at lines 173--173
[]\OT1/cmtt/m/n/10 agI.state=receive4beta :TRUE;[] 
 []


Overfull \hbox (104.99908pt too wide) in paragraph at lines 173--173
[]\OT1/cmtt/m/n/10 1:agI.authenticated;[] 
 []


Overfull \hbox (26.24977pt too wide) in paragraph at lines 173--173
[]\OT1/cmtt/m/n/10 esac;[] 
 []


Overfull \hbox (419.99634pt too wide) in paragraph at lines 173--173
[]\OT1/cmtt/m/n/10 --Agent S always is authenticated so transitions to the fals
e state do not occur[] 
 []


Overfull \hbox (131.24886pt too wide) in paragraph at lines 173--173
[]\OT1/cmtt/m/n/10 next(agS.authenticated):=[] 
 []


Overfull \hbox (20.99982pt too wide) in paragraph at lines 173--173
[]\OT1/cmtt/m/n/10 case[] 
 []


Overfull \hbox (104.99908pt too wide) in paragraph at lines 173--173
[]\OT1/cmtt/m/n/10 1:agS.authenticated;[] 
 []


Overfull \hbox (26.24977pt too wide) in paragraph at lines 173--173
[]\OT1/cmtt/m/n/10 esac;[] 
 []


Overfull \hbox (309.7473pt too wide) in paragraph at lines 173--173
[]\OT1/cmtt/m/n/10 --Specifications which detect the presence of replay attack[
] 
 []


Overfull \hbox (377.9967pt too wide) in paragraph at lines 173--173
[]\OT1/cmtt/m/n/10 --Agent B should not receive more messages than what agent A
 has sent it[] 
 []


Overfull \hbox (178.49844pt too wide) in paragraph at lines 173--173
[]\OT1/cmtt/m/n/10 --SPEC AG!(agA.count < agB.count);[] 
 []


Overfull \hbox (257.24776pt too wide) in paragraph at lines 173--173
[]\OT1/cmtt/m/n/10 --Agent I should never receive the fourth message[] 
 []


Overfull \hbox (173.24849pt too wide) in paragraph at lines 173--173
[]\OT1/cmtt/m/n/10 SPEC AG!(agI.state=receive4beta);[] 
 []


Overfull \hbox (383.24666pt too wide) in paragraph at lines 173--173
[]\OT1/cmtt/m/n/10 --Module for each agent's type which includes the agent's st
ate variable,[] 
 []


Overfull \hbox (236.24794pt too wide) in paragraph at lines 173--173
[]\OT1/cmtt/m/n/10 --its counter and its authentication variable[] 
 []


Overfull \hbox (68.2494pt too wide) in paragraph at lines 173--173
[]\OT1/cmtt/m/n/10 MODULE agtype[] 
 []


Overfull \hbox (15.74986pt too wide) in paragraph at lines 173--173
[]\OT1/cmtt/m/n/10 VAR[] 
 []


Overfull \hbox (241.4979pt too wide) in paragraph at lines 173--173
[]\OT1/cmtt/m/n/10 state: {wait, send1, receive1, send2,receive2,[] 
 []


Overfull \hbox (267.74767pt too wide) in paragraph at lines 173--173
[]\OT1/cmtt/m/n/10 send3alpha, send3beta, receive3alpha, receive3beta,[] 
 []


Overfull \hbox (272.99762pt too wide) in paragraph at lines 173--173
[]\OT1/cmtt/m/n/10 send4alpha,send4beta, receive4alpha, receive4beta };[] 
 []


Overfull \hbox (73.49936pt too wide) in paragraph at lines 173--173
[]\OT1/cmtt/m/n/10 count:{0,1,2};[] 
 []


Overfull \hbox (115.499pt too wide) in paragraph at lines 173--173
[]\OT1/cmtt/m/n/10 authenticated:boolean;[] 
 []

! Undefined control sequence.
l.176 \section
              {Kerberos Protocol with Freshness Concept}
The control sequence at the end of the top line
of your error message was never \def'ed. If you have
misspelled it (e.g., `\hobx'), type `I' and the correct
spelling (e.g., `I\hbox'). Otherwise just continue,
and I'll forget about whatever was undefined.

Missing character: There is no K in font nullfont!
Missing character: There is no e in font nullfont!
Missing character: There is no r in font nullfont!
Missing character: There is no b in font nullfont!
Missing character: There is no e in font nullfont!
Missing character: There is no r in font nullfont!
Missing character: There is no o in font nullfont!
Missing character: There is no s in font nullfont!
Missing character: There is no P in font nullfont!
Missing character: There is no r in font nullfont!
Missing character: There is no o in font nullfont!
Missing character: There is no t in font nullfont!
Missing character: There is no o in font nullfont!
Missing character: There is no c in font nullfont!
Missing character: There is no o in font nullfont!
Missing character: There is no l in font nullfont!
Missing character: There is no w in font nullfont!
Missing character: There is no i in font nullfont!
Missing character: There is no t in font nullfont!
Missing character: There is no h in font nullfont!
Missing character: There is no F in font nullfont!
Missing character: There is no r in font nullfont!
Missing character: There is no e in font nullfont!
Missing character: There is no s in font nullfont!
Missing character: There is no h in font nullfont!
Missing character: There is no n in font nullfont!
Missing character: There is no e in font nullfont!
Missing character: There is no s in font nullfont!
Missing character: There is no s in font nullfont!
Missing character: There is no C in font nullfont!
Missing character: There is no o in font nullfont!
Missing character: There is no n in font nullfont!
Missing character: There is no c in font nullfont!
Missing character: There is no e in font nullfont!
Missing character: There is no p in font nullfont!
Missing character: There is no t in font nullfont!

Overfull \hbox (20.0pt too wide) in paragraph at lines 176--177
[]
 []


Overfull \hbox (57.7495pt too wide) in paragraph at lines 367--367
[]\OT1/cmtt/m/n/10 MODULE main[] 
 []


Overfull \hbox (15.74986pt too wide) in paragraph at lines 367--367
[]\OT1/cmtt/m/n/10 VAR[] 
 []


Overfull \hbox (220.49808pt too wide) in paragraph at lines 367--367
[]\OT1/cmtt/m/n/10 --Creating agents which are to type agtype[] 
 []


Overfull \hbox (68.2494pt too wide) in paragraph at lines 367--367
[]\OT1/cmtt/m/n/10 agA : agtype;[] 
 []


Overfull \hbox (68.2494pt too wide) in paragraph at lines 367--367
[]\OT1/cmtt/m/n/10 agB : agtype;[] 
 []


Overfull \hbox (68.2494pt too wide) in paragraph at lines 367--367
[]\OT1/cmtt/m/n/10 agS : agtype;[] 
 []


Overfull \hbox (68.2494pt too wide) in paragraph at lines 367--367
[]\OT1/cmtt/m/n/10 agI : agtype;[] 
 []


Overfull \hbox (89.24922pt too wide) in paragraph at lines 367--367
[]\OT1/cmtt/m/n/10 Iactive: boolean;[] 
 []


Overfull \hbox (62.99945pt too wide) in paragraph at lines 367--367
[]\OT1/cmtt/m/n/10 Fresh:0..20;[] 
 []


Overfull \hbox (57.7495pt too wide) in paragraph at lines 367--367
[]\OT1/cmtt/m/n/10 Time:0..20;[] 
 []


Overfull \hbox (241.4979pt too wide) in paragraph at lines 367--367
[]\OT1/cmtt/m/n/10 --Assigning initial to values to all variables[] 
 []


Overfull \hbox (31.49973pt too wide) in paragraph at lines 367--367
[]\OT1/cmtt/m/n/10 ASSIGN[] 
 []


Overfull \hbox (115.499pt too wide) in paragraph at lines 367--367
[]\OT1/cmtt/m/n/10 init(agA.state):=wait;[] 
 []


Overfull \hbox (115.499pt too wide) in paragraph at lines 367--367
[]\OT1/cmtt/m/n/10 init(agB.state):=wait;[] 
 []


Overfull \hbox (115.499pt too wide) in paragraph at lines 367--367
[]\OT1/cmtt/m/n/10 init(agS.state):=wait;[] 
 []


Overfull \hbox (115.499pt too wide) in paragraph at lines 367--367
[]\OT1/cmtt/m/n/10 init(agI.state):=wait;[] 
 []


Overfull \hbox (99.74913pt too wide) in paragraph at lines 367--367
[]\OT1/cmtt/m/n/10 init(agA.count):=0;[] 
 []


Overfull \hbox (99.74913pt too wide) in paragraph at lines 367--367
[]\OT1/cmtt/m/n/10 init(agB.count):=0;[] 
 []


Overfull \hbox (99.74913pt too wide) in paragraph at lines 367--367
[]\OT1/cmtt/m/n/10 init(agS.count):=0;[] 
 []


Overfull \hbox (99.74913pt too wide) in paragraph at lines 367--367
[]\OT1/cmtt/m/n/10 init(agI.count):=0;[] 
 []


Overfull \hbox (162.74858pt too wide) in paragraph at lines 367--367
[]\OT1/cmtt/m/n/10 init(agA.authenticated):=FALSE;[] 
 []


Overfull \hbox (162.74858pt too wide) in paragraph at lines 367--367
[]\OT1/cmtt/m/n/10 init(agB.authenticated):=FALSE;[] 
 []


Overfull \hbox (162.74858pt too wide) in paragraph at lines 367--367
[]\OT1/cmtt/m/n/10 init(agI.authenticated):=FALSE;[] 
 []


Overfull \hbox (157.49863pt too wide) in paragraph at lines 367--367
[]\OT1/cmtt/m/n/10 init(agS.authenticated):=TRUE;[] 
 []


Overfull \hbox (78.74931pt too wide) in paragraph at lines 367--367
[]\OT1/cmtt/m/n/10 init(Fresh):=0;[] 
 []


Overfull \hbox (73.49936pt too wide) in paragraph at lines 367--367
[]\OT1/cmtt/m/n/10 init(Time):=0;[] 
 []


Overfull \hbox (383.24666pt too wide) in paragraph at lines 367--367
[]\OT1/cmtt/m/n/10 --Transitions for the variable indicating presence or absenc
e of intruder[] 
 []


Overfull \hbox (78.74931pt too wide) in paragraph at lines 367--367
[]\OT1/cmtt/m/n/10 next(Iactive):=[] 
 []


Overfull \hbox (20.99982pt too wide) in paragraph at lines 367--367
[]\OT1/cmtt/m/n/10 case[] 
 []


Overfull \hbox (78.74931pt too wide) in paragraph at lines 367--367
[]\OT1/cmtt/m/n/10 !Iactive:{0,1};[] 
 []


Overfull \hbox (204.74821pt too wide) in paragraph at lines 367--367
[]\OT1/cmtt/m/n/10 Iactive & agI.state=receive4beta:{0,1};[] 
 []


Overfull \hbox (52.49954pt too wide) in paragraph at lines 367--367
[]\OT1/cmtt/m/n/10 1:Iactive;[] 
 []


Overfull \hbox (26.24977pt too wide) in paragraph at lines 367--367
[]\OT1/cmtt/m/n/10 esac;[] 
 []


Overfull \hbox (173.24849pt too wide) in paragraph at lines 367--367
[]\OT1/cmtt/m/n/10 --Transitions for agent A's state[] 
 []


Overfull \hbox (89.24922pt too wide) in paragraph at lines 367--367
[]\OT1/cmtt/m/n/10 next(agA.state):=[] 
 []


Overfull \hbox (20.99982pt too wide) in paragraph at lines 367--367
[]\OT1/cmtt/m/n/10 case[] 
 []


Overfull \hbox (115.499pt too wide) in paragraph at lines 367--367
[]\OT1/cmtt/m/n/10 agA.state=wait: send1;[] 
 []


Overfull \hbox (230.99799pt too wide) in paragraph at lines 367--367
[]\OT1/cmtt/m/n/10 agS.state=send2 & agA.state=send1: receive2;[] 
 []


Overfull \hbox (162.74858pt too wide) in paragraph at lines 367--367
[]\OT1/cmtt/m/n/10 agA.state=receive2: send3alpha;[] 
 []


Overfull \hbox (309.7473pt too wide) in paragraph at lines 367--367
[]\OT1/cmtt/m/n/10 agB.state=send4alpha & agA.state=send3alpha: receive4alpha;[
] 
 []


Overfull \hbox (157.49863pt too wide) in paragraph at lines 367--367
[]\OT1/cmtt/m/n/10 agA.state=receive4alpha: wait;[] 
 []


Overfull \hbox (62.99945pt too wide) in paragraph at lines 367--367
[]\OT1/cmtt/m/n/10 1:agA.state;[] 
 []


Overfull \hbox (26.24977pt too wide) in paragraph at lines 367--367
[]\OT1/cmtt/m/n/10 esac;[] 
 []


Overfull \hbox (173.24849pt too wide) in paragraph at lines 367--367
[]\OT1/cmtt/m/n/10 --Transitions for agent B's state[] 
 []


Overfull \hbox (89.24922pt too wide) in paragraph at lines 367--367
[]\OT1/cmtt/m/n/10 next(agB.state):=[] 
 []


Overfull \hbox (20.99982pt too wide) in paragraph at lines 367--367
[]\OT1/cmtt/m/n/10 case[] 
 []


Overfull \hbox (330.74712pt too wide) in paragraph at lines 367--367
[]\OT1/cmtt/m/n/10 agA.state=send3alpha & agB.state=wait & Fresh=0: receive3alp
ha;[] 
 []


Overfull \hbox (372.74675pt too wide) in paragraph at lines 367--367
[]\OT1/cmtt/m/n/10 agI.state=send3beta & agB.state=wait & Iactive & Fresh=0: re
ceive3beta;[] 
 []


Overfull \hbox (404.24648pt too wide) in paragraph at lines 367--367
[]\OT1/cmtt/m/n/10 agI.state=send3beta & agB.state=send4alpha & Iactive & Fresh
=0: receive3beta;[] 
 []


Overfull \hbox (183.7484pt too wide) in paragraph at lines 367--367
[]\OT1/cmtt/m/n/10 agB.state=receive3alpha:send4alpha;[] 
 []


Overfull \hbox (173.24849pt too wide) in paragraph at lines 367--367
[]\OT1/cmtt/m/n/10 agB.state=receive3beta:send4beta;[] 
 []


Overfull \hbox (136.49881pt too wide) in paragraph at lines 367--367
[]\OT1/cmtt/m/n/10 agB.state=send4alpha:wait;[] 
 []


Overfull \hbox (62.99945pt too wide) in paragraph at lines 367--367
[]\OT1/cmtt/m/n/10 1:agB.state;[] 
 []


Overfull \hbox (26.24977pt too wide) in paragraph at lines 367--367
[]\OT1/cmtt/m/n/10 esac;[] 
 []


Overfull \hbox (178.49844pt too wide) in paragraph at lines 367--367
[]\OT1/cmtt/m/n/10 --Transitions for Server S's state[] 
 []


Overfull \hbox (89.24922pt too wide) in paragraph at lines 367--367
[]\OT1/cmtt/m/n/10 next(agS.state):=[] 
 []


Overfull \hbox (20.99982pt too wide) in paragraph at lines 367--367
[]\OT1/cmtt/m/n/10 case[] 
 []


Overfull \hbox (225.74803pt too wide) in paragraph at lines 367--367
[]\OT1/cmtt/m/n/10 agA.state=send1 & agS.state=wait: receive1;[] 
 []


Overfull \hbox (131.24886pt too wide) in paragraph at lines 367--367
[]\OT1/cmtt/m/n/10 agS.state=receive1:send2;[] 
 []


Overfull \hbox (110.24904pt too wide) in paragraph at lines 367--367
[]\OT1/cmtt/m/n/10 agS.state=send2:wait;[] 
 []


Overfull \hbox (62.99945pt too wide) in paragraph at lines 367--367
[]\OT1/cmtt/m/n/10 1:agS.state;[] 
 []


Overfull \hbox (26.24977pt too wide) in paragraph at lines 367--367
[]\OT1/cmtt/m/n/10 esac;[] 
 []


Overfull \hbox (199.49826pt too wide) in paragraph at lines 367--367
[]\OT1/cmtt/m/n/10 --Transitions for the Intruder's state[] 
 []


Overfull \hbox (89.24922pt too wide) in paragraph at lines 367--367
[]\OT1/cmtt/m/n/10 next(agI.state):=[] 
 []


Overfull \hbox (20.99982pt too wide) in paragraph at lines 367--367
[]\OT1/cmtt/m/n/10 case[] 
 []


Overfull \hbox (414.74638pt too wide) in paragraph at lines 367--367
[]\OT1/cmtt/m/n/10 agI.state=wait & agA.state=send3alpha & agB.state=wait & Iac
tive: receive3beta;[] 
 []


Overfull \hbox (230.99799pt too wide) in paragraph at lines 367--367
[]\OT1/cmtt/m/n/10 agI.state=receive3beta & Iactive: send3beta;[] 
 []


Overfull \hbox (356.99689pt too wide) in paragraph at lines 367--367
[]\OT1/cmtt/m/n/10 agI.state=send3beta & agB.state=send4beta & Iactive  : recei
ve4beta;[] 
 []


Overfull \hbox (204.74821pt too wide) in paragraph at lines 367--367
[]\OT1/cmtt/m/n/10 agI.state=receive4beta & Iactive: wait;[] 
 []


Overfull \hbox (183.7484pt too wide) in paragraph at lines 367--367
[]\OT1/cmtt/m/n/10 agI.state=send3beta & Time>2: wait;[] 
 []


Overfull \hbox (62.99945pt too wide) in paragraph at lines 367--367
[]\OT1/cmtt/m/n/10 1:agI.state;[] 
 []


Overfull \hbox (26.24977pt too wide) in paragraph at lines 367--367
[]\OT1/cmtt/m/n/10 esac;[] 
 []


Overfull \hbox (183.7484pt too wide) in paragraph at lines 367--367
[]\OT1/cmtt/m/n/10 --Transitions for Agent A's counter[] 
 []


Overfull \hbox (89.24922pt too wide) in paragraph at lines 367--367
[]\OT1/cmtt/m/n/10 next(agA.count):=[] 
 []


Overfull \hbox (20.99982pt too wide) in paragraph at lines 367--367
[]\OT1/cmtt/m/n/10 case[] 
 []


Overfull \hbox (241.4979pt too wide) in paragraph at lines 367--367
[]\OT1/cmtt/m/n/10 agA.state=send1|agA.state=receive2: agA.count;[] 
 []


Overfull \hbox (246.74785pt too wide) in paragraph at lines 367--367
[]\OT1/cmtt/m/n/10 agA.state=send3alpha & agA.count<1:agA.count+1;[] 
 []


Overfull \hbox (188.99835pt too wide) in paragraph at lines 367--367
[]\OT1/cmtt/m/n/10 agA.count=1 & agA.state=receive2: 0;[] 
 []


Overfull \hbox (62.99945pt too wide) in paragraph at lines 367--367
[]\OT1/cmtt/m/n/10 1:agA.count;[] 
 []


Overfull \hbox (26.24977pt too wide) in paragraph at lines 367--367
[]\OT1/cmtt/m/n/10 esac;[] 
 []


Overfull \hbox (183.7484pt too wide) in paragraph at lines 367--367
[]\OT1/cmtt/m/n/10 --Transitions for Agent B's counter[] 
 []


Overfull \hbox (89.24922pt too wide) in paragraph at lines 367--367
[]\OT1/cmtt/m/n/10 next(agB.count):=[] 
 []


Overfull \hbox (20.99982pt too wide) in paragraph at lines 367--367
[]\OT1/cmtt/m/n/10 case[] 
 []


Overfull \hbox (461.99597pt too wide) in paragraph at lines 367--367
[]\OT1/cmtt/m/n/10 agB.state=receive3beta & agB.count<2|agB.state=receive3alpha
 & agB.count<2: agB.count+1;[] 
 []


Overfull \hbox (267.74767pt too wide) in paragraph at lines 367--367
[]\OT1/cmtt/m/n/10 agB.state=send4alpha|agB.state=send4beta:agB.count;[] 
 []


Overfull \hbox (267.74767pt too wide) in paragraph at lines 367--367
[]\OT1/cmtt/m/n/10 agB.count=1 & agA.state=receive4alpha & !Iactive:0;[] 
 []


Overfull \hbox (383.24666pt too wide) in paragraph at lines 367--367
[]\OT1/cmtt/m/n/10 agB.count=2 & agA.state=send3alpha|agB.count=1 & agA.state=s
end3alpha: 0;[] 
 []


Overfull \hbox (62.99945pt too wide) in paragraph at lines 367--367
[]\OT1/cmtt/m/n/10 1:agB.count;[] 
 []


Overfull \hbox (26.24977pt too wide) in paragraph at lines 367--367
[]\OT1/cmtt/m/n/10 esac;[] 
 []


Overfull \hbox (183.7484pt too wide) in paragraph at lines 367--367
[]\OT1/cmtt/m/n/10 --Transitions for Agent I's counter[] 
 []


Overfull \hbox (89.24922pt too wide) in paragraph at lines 367--367
[]\OT1/cmtt/m/n/10 next(agI.count):=[] 
 []


Overfull \hbox (20.99982pt too wide) in paragraph at lines 367--367
[]\OT1/cmtt/m/n/10 case[] 
 []


Overfull \hbox (309.7473pt too wide) in paragraph at lines 367--367
[]\OT1/cmtt/m/n/10 agI.state=receive3beta & agI.count<2 & Iactive:agI.count+1;[
] 
 []


Overfull \hbox (209.99817pt too wide) in paragraph at lines 367--367
[]\OT1/cmtt/m/n/10 agI.state=send3beta & Iactive:agI.count;[] 
 []


Overfull \hbox (314.99725pt too wide) in paragraph at lines 367--367
[]\OT1/cmtt/m/n/10 agI.state=receive4beta & agI.count<2 & Iactive: agI.count+1;
[] 
 []


Overfull \hbox (78.74931pt too wide) in paragraph at lines 367--367
[]\OT1/cmtt/m/n/10 agI.count=2: 0;[] 
 []


Overfull \hbox (62.99945pt too wide) in paragraph at lines 367--367
[]\OT1/cmtt/m/n/10 1:agI.count;[] 
 []


Overfull \hbox (26.24977pt too wide) in paragraph at lines 367--367
[]\OT1/cmtt/m/n/10 esac;[] 
 []


Overfull \hbox (325.49716pt too wide) in paragraph at lines 367--367
[]\OT1/cmtt/m/n/10 --Transitions for variable indicating agent A's authenticati
on[] 
 []


Overfull \hbox (131.24886pt too wide) in paragraph at lines 367--367
[]\OT1/cmtt/m/n/10 next(agA.authenticated):=[] 
 []


Overfull \hbox (20.99982pt too wide) in paragraph at lines 367--367
[]\OT1/cmtt/m/n/10 case[] 
 []


Overfull \hbox (157.49863pt too wide) in paragraph at lines 367--367
[]\OT1/cmtt/m/n/10 agA.state=receive4alpha :TRUE;[] 
 []


Overfull \hbox (104.99908pt too wide) in paragraph at lines 367--367
[]\OT1/cmtt/m/n/10 1:agA.authenticated;[] 
 []


Overfull \hbox (26.24977pt too wide) in paragraph at lines 367--367
[]\OT1/cmtt/m/n/10 esac;[] 
 []


Overfull \hbox (325.49716pt too wide) in paragraph at lines 367--367
[]\OT1/cmtt/m/n/10 --Transitions for variable indicating agent B's authenticati
on[] 
 []


Overfull \hbox (131.24886pt too wide) in paragraph at lines 367--367
[]\OT1/cmtt/m/n/10 next(agB.authenticated):=[] 
 []


Overfull \hbox (20.99982pt too wide) in paragraph at lines 367--367
[]\OT1/cmtt/m/n/10 case[] 
 []


Overfull \hbox (246.74785pt too wide) in paragraph at lines 367--367
[]\OT1/cmtt/m/n/10 agB.state=send4alpha|agB.state=send4beta :TRUE;[] 
 []


Overfull \hbox (104.99908pt too wide) in paragraph at lines 367--367
[]\OT1/cmtt/m/n/10 1:agB.authenticated;[] 
 []


Overfull \hbox (26.24977pt too wide) in paragraph at lines 367--367
[]\OT1/cmtt/m/n/10 esac;[] 
 []


Overfull \hbox (356.99689pt too wide) in paragraph at lines 367--367
[]\OT1/cmtt/m/n/10 --Transitions for variable indicating agent B's authenticati
on which[] 
 []


Overfull \hbox (267.74767pt too wide) in paragraph at lines 367--367
[]\OT1/cmtt/m/n/10 --indicates that it has received the fourth message[] 
 []


Overfull \hbox (131.24886pt too wide) in paragraph at lines 367--367
[]\OT1/cmtt/m/n/10 next(agI.authenticated):=[] 
 []


Overfull \hbox (20.99982pt too wide) in paragraph at lines 367--367
[]\OT1/cmtt/m/n/10 case[] 
 []


Overfull \hbox (152.24867pt too wide) in paragraph at lines 367--367
[]\OT1/cmtt/m/n/10 agI.state=receive4beta :TRUE;[] 
 []


Overfull \hbox (104.99908pt too wide) in paragraph at lines 367--367
[]\OT1/cmtt/m/n/10 1:agI.authenticated;[] 
 []


Overfull \hbox (26.24977pt too wide) in paragraph at lines 367--367
[]\OT1/cmtt/m/n/10 esac;[] 
 []


Overfull \hbox (419.99634pt too wide) in paragraph at lines 367--367
[]\OT1/cmtt/m/n/10 --Agent S always is authenticated so transitions to the fals
e state do not occur[] 
 []


Overfull \hbox (131.24886pt too wide) in paragraph at lines 367--367
[]\OT1/cmtt/m/n/10 next(agS.authenticated):=[] 
 []


Overfull \hbox (20.99982pt too wide) in paragraph at lines 367--367
[]\OT1/cmtt/m/n/10 case[] 
 []


Overfull \hbox (104.99908pt too wide) in paragraph at lines 367--367
[]\OT1/cmtt/m/n/10 1:agS.authenticated;[] 
 []


Overfull \hbox (26.24977pt too wide) in paragraph at lines 367--367
[]\OT1/cmtt/m/n/10 esac;[] 
 []


Overfull \hbox (209.99817pt too wide) in paragraph at lines 367--367
[]\OT1/cmtt/m/n/10 --Transitions for the freshness variable[] 
 []


Overfull \hbox (68.2494pt too wide) in paragraph at lines 367--367
[]\OT1/cmtt/m/n/10 next(Fresh):=[] 
 []


Overfull \hbox (20.99982pt too wide) in paragraph at lines 367--367
[]\OT1/cmtt/m/n/10 case[] 
 []


Overfull \hbox (209.99817pt too wide) in paragraph at lines 367--367
[]\OT1/cmtt/m/n/10 agA.state=send3alpha & agB.state=wait:0;[] 
 []


Overfull \hbox (89.24922pt too wide) in paragraph at lines 367--367
[]\OT1/cmtt/m/n/10 Fresh<20:Fresh+1;[] 
 []


Overfull \hbox (20.99982pt too wide) in paragraph at lines 367--367
[]\OT1/cmtt/m/n/10 1:0;[] 
 []


Overfull \hbox (26.24977pt too wide) in paragraph at lines 367--367
[]\OT1/cmtt/m/n/10 esac;[] 
 []


Overfull \hbox (246.74785pt too wide) in paragraph at lines 367--367
[]\OT1/cmtt/m/n/10 --Transitions for the Intruder's timer variable[] 
 []


Overfull \hbox (62.99945pt too wide) in paragraph at lines 367--367
[]\OT1/cmtt/m/n/10 next(Time):=[] 
 []


Overfull \hbox (20.99982pt too wide) in paragraph at lines 367--367
[]\OT1/cmtt/m/n/10 case[] 
 []


Overfull \hbox (131.24886pt too wide) in paragraph at lines 367--367
[]\OT1/cmtt/m/n/10 agI.state=receive3beta:0;[] 
 []


Overfull \hbox (78.74931pt too wide) in paragraph at lines 367--367
[]\OT1/cmtt/m/n/10 Time<20:Time+1;[] 
 []


Overfull \hbox (20.99982pt too wide) in paragraph at lines 367--367
[]\OT1/cmtt/m/n/10 1:0;[] 
 []


Overfull \hbox (26.24977pt too wide) in paragraph at lines 367--367
[]\OT1/cmtt/m/n/10 esac;[] 
 []


Overfull \hbox (309.7473pt too wide) in paragraph at lines 367--367
[]\OT1/cmtt/m/n/10 --Specifications which detect the presence of replay attack[
] 
 []


Overfull \hbox (377.9967pt too wide) in paragraph at lines 367--367
[]\OT1/cmtt/m/n/10 --Agent B should not receive more messages than what agent A
 has sent it[] 
 []


Overfull \hbox (167.99854pt too wide) in paragraph at lines 367--367
[]\OT1/cmtt/m/n/10 SPEC AG!(agA.count < agB.count);[] 
 []


Overfull \hbox (257.24776pt too wide) in paragraph at lines 367--367
[]\OT1/cmtt/m/n/10 --Agent I should never receive the fourth message[] 
 []


Overfull \hbox (173.24849pt too wide) in paragraph at lines 367--367
[]\OT1/cmtt/m/n/10 SPEC AG!(agI.state=receive4beta);[] 
 []


Overfull \hbox (383.24666pt too wide) in paragraph at lines 367--367
[]\OT1/cmtt/m/n/10 --Module for each agent's type which includes the agent's st
ate variable,[] 
 []


Overfull \hbox (236.24794pt too wide) in paragraph at lines 367--367
[]\OT1/cmtt/m/n/10 --its counter and its authentication variable[] 
 []


Overfull \hbox (68.2494pt too wide) in paragraph at lines 367--367
[]\OT1/cmtt/m/n/10 MODULE agtype[] 
 []


Overfull \hbox (15.74986pt too wide) in paragraph at lines 367--367
[]\OT1/cmtt/m/n/10 VAR[] 
 []


Overfull \hbox (236.24794pt too wide) in paragraph at lines 367--367
[]\OT1/cmtt/m/n/10 state:{wait, send1, receive1, send2,receive2,[] 
 []


Overfull \hbox (267.74767pt too wide) in paragraph at lines 367--367
[]\OT1/cmtt/m/n/10 send3alpha, send3beta, receive3alpha, receive3beta,[] 
 []


Overfull \hbox (272.99762pt too wide) in paragraph at lines 367--367
[]\OT1/cmtt/m/n/10 send4alpha, send4beta, receive4alpha, receive4beta};[] 
 []


Overfull \hbox (73.49936pt too wide) in paragraph at lines 367--367
[]\OT1/cmtt/m/n/10 count:{0,1,2};[] 
 []


Overfull \hbox (115.499pt too wide) in paragraph at lines 367--367
[]\OT1/cmtt/m/n/10 authenticated:boolean;[] 
 []

! Undefined control sequence.
l.375 \chapter
              {Trace Files}
The control sequence at the end of the top line
of your error message was never \def'ed. If you have
misspelled it (e.g., `\hobx'), type `I' and the correct
spelling (e.g., `I\hbox'). Otherwise just continue,
and I'll forget about whatever was undefined.

Missing character: There is no T in font nullfont!
Missing character: There is no r in font nullfont!
Missing character: There is no a in font nullfont!
Missing character: There is no c in font nullfont!
Missing character: There is no e in font nullfont!
Missing character: There is no F in font nullfont!
Missing character: There is no i in font nullfont!
Missing character: There is no l in font nullfont!
Missing character: There is no e in font nullfont!
Missing character: There is no s in font nullfont!

Overfull \hbox (20.0pt too wide) in paragraph at lines 375--376
[]
 []

! Undefined control sequence.
l.377 \section
              {Kerberos Protocol showing Replay Attack}
The control sequence at the end of the top line
of your error message was never \def'ed. If you have
misspelled it (e.g., `\hobx'), type `I' and the correct
spelling (e.g., `I\hbox'). Otherwise just continue,
and I'll forget about whatever was undefined.

Missing character: There is no K in font nullfont!
Missing character: There is no e in font nullfont!
Missing character: There is no r in font nullfont!
Missing character: There is no b in font nullfont!
Missing character: There is no e in font nullfont!
Missing character: There is no r in font nullfont!
Missing character: There is no o in font nullfont!
Missing character: There is no s in font nullfont!
Missing character: There is no P in font nullfont!
Missing character: There is no r in font nullfont!
Missing character: There is no o in font nullfont!
Missing character: There is no t in font nullfont!
Missing character: There is no o in font nullfont!
Missing character: There is no c in font nullfont!
Missing character: There is no o in font nullfont!
Missing character: There is no l in font nullfont!
Missing character: There is no s in font nullfont!
Missing character: There is no h in font nullfont!
Missing character: There is no o in font nullfont!
Missing character: There is no w in font nullfont!
Missing character: There is no i in font nullfont!
Missing character: There is no n in font nullfont!
Missing character: There is no g in font nullfont!
Missing character: There is no R in font nullfont!
Missing character: There is no e in font nullfont!
Missing character: There is no p in font nullfont!
Missing character: There is no l in font nullfont!
Missing character: There is no a in font nullfont!
Missing character: There is no y in font nullfont!
Missing character: There is no A in font nullfont!
Missing character: There is no t in font nullfont!
Missing character: There is no t in font nullfont!
Missing character: There is no a in font nullfont!
Missing character: There is no c in font nullfont!
Missing character: There is no k in font nullfont!

Overfull \hbox (20.0pt too wide) in paragraph at lines 377--378
[]
 []


Overfull \hbox (283.49753pt too wide) in paragraph at lines 500--500
[]\OT1/cmtt/m/n/10 -- specification AG !(agA.count < agB.count)  is false[] 
 []


Overfull \hbox (283.49753pt too wide) in paragraph at lines 500--500
[]\OT1/cmtt/m/n/10 -- as demonstrated by the following execution sequence[] 
 []


Overfull \hbox (194.2483pt too wide) in paragraph at lines 500--500
[]\OT1/cmtt/m/n/10 Trace Description: CTL Counterexample[] 
 []


Overfull \hbox (136.49881pt too wide) in paragraph at lines 500--500
[]\OT1/cmtt/m/n/10 Trace Type: Counterexample[] 
 []


Overfull \hbox (83.99927pt too wide) in paragraph at lines 500--500
[]\OT1/cmtt/m/n/10 -> State: 1.1 <-[] 
 []


Overfull \hbox (94.49918pt too wide) in paragraph at lines 500--500
[]  \OT1/cmtt/m/n/10 agA.state = wait[] 
 []


Overfull \hbox (78.74931pt too wide) in paragraph at lines 500--500
[]  \OT1/cmtt/m/n/10 agA.count = 0[] 
 []


Overfull \hbox (120.74895pt too wide) in paragraph at lines 500--500
[]  \OT1/cmtt/m/n/10 agA.authenticated = 0[] 
 []


Overfull \hbox (94.49918pt too wide) in paragraph at lines 500--500
[]  \OT1/cmtt/m/n/10 agB.state = wait[] 
 []


Overfull \hbox (78.74931pt too wide) in paragraph at lines 500--500
[]  \OT1/cmtt/m/n/10 agB.count = 0[] 
 []


Overfull \hbox (120.74895pt too wide) in paragraph at lines 500--500
[]  \OT1/cmtt/m/n/10 agB.authenticated = 0[] 
 []


Overfull \hbox (94.49918pt too wide) in paragraph at lines 500--500
[]  \OT1/cmtt/m/n/10 agS.state = wait[] 
 []


Overfull \hbox (78.74931pt too wide) in paragraph at lines 500--500
[]  \OT1/cmtt/m/n/10 agS.count = 0[] 
 []


Overfull \hbox (120.74895pt too wide) in paragraph at lines 500--500
[]  \OT1/cmtt/m/n/10 agS.authenticated = 1[] 
 []


Overfull \hbox (94.49918pt too wide) in paragraph at lines 500--500
[]  \OT1/cmtt/m/n/10 agI.state = wait[] 
 []


Overfull \hbox (78.74931pt too wide) in paragraph at lines 500--500
[]  \OT1/cmtt/m/n/10 agI.count = 0[] 
 []


Overfull \hbox (120.74895pt too wide) in paragraph at lines 500--500
[]  \OT1/cmtt/m/n/10 agI.authenticated = 0[] 
 []


Overfull \hbox (68.2494pt too wide) in paragraph at lines 500--500
[]  \OT1/cmtt/m/n/10 Iactive = 0[] 
 []


Overfull \hbox (83.99927pt too wide) in paragraph at lines 500--500
[]\OT1/cmtt/m/n/10 -> Input: 1.2 <-[] 
 []


Overfull \hbox (83.99927pt too wide) in paragraph at lines 500--500
[]\OT1/cmtt/m/n/10 -> State: 1.2 <-[] 
 []


Overfull \hbox (99.74913pt too wide) in paragraph at lines 500--500
[]  \OT1/cmtt/m/n/10 agA.state = send1[] 
 []


Overfull \hbox (78.74931pt too wide) in paragraph at lines 500--500
[]  \OT1/cmtt/m/n/10 agS.count = 2[] 
 []


Overfull \hbox (83.99927pt too wide) in paragraph at lines 500--500
[]\OT1/cmtt/m/n/10 -> Input: 1.3 <-[] 
 []


Overfull \hbox (83.99927pt too wide) in paragraph at lines 500--500
[]\OT1/cmtt/m/n/10 -> State: 1.3 <-[] 
 []


Overfull \hbox (115.499pt too wide) in paragraph at lines 500--500
[]  \OT1/cmtt/m/n/10 agS.state = receive1[] 
 []


Overfull \hbox (83.99927pt too wide) in paragraph at lines 500--500
[]\OT1/cmtt/m/n/10 -> Input: 1.4 <-[] 
 []


Overfull \hbox (83.99927pt too wide) in paragraph at lines 500--500
[]\OT1/cmtt/m/n/10 -> State: 1.4 <-[] 
 []


Overfull \hbox (99.74913pt too wide) in paragraph at lines 500--500
[]  \OT1/cmtt/m/n/10 agS.state = send2[] 
 []


Overfull \hbox (83.99927pt too wide) in paragraph at lines 500--500
[]\OT1/cmtt/m/n/10 -> Input: 1.5 <-[] 
 []


Overfull \hbox (83.99927pt too wide) in paragraph at lines 500--500
[]\OT1/cmtt/m/n/10 -> State: 1.5 <-[] 
 []


Overfull \hbox (115.499pt too wide) in paragraph at lines 500--500
[]  \OT1/cmtt/m/n/10 agA.state = receive2[] 
 []


Overfull \hbox (94.49918pt too wide) in paragraph at lines 500--500
[]  \OT1/cmtt/m/n/10 agS.state = wait[] 
 []


Overfull \hbox (83.99927pt too wide) in paragraph at lines 500--500
[]\OT1/cmtt/m/n/10 -> Input: 1.6 <-[] 
 []


Overfull \hbox (83.99927pt too wide) in paragraph at lines 500--500
[]\OT1/cmtt/m/n/10 -> State: 1.6 <-[] 
 []


Overfull \hbox (125.9989pt too wide) in paragraph at lines 500--500
[]  \OT1/cmtt/m/n/10 agA.state = send3alpha[] 
 []


Overfull \hbox (68.2494pt too wide) in paragraph at lines 500--500
[]  \OT1/cmtt/m/n/10 Iactive = 1[] 
 []


Overfull \hbox (83.99927pt too wide) in paragraph at lines 500--500
[]\OT1/cmtt/m/n/10 -> Input: 1.7 <-[] 
 []


Overfull \hbox (83.99927pt too wide) in paragraph at lines 500--500
[]\OT1/cmtt/m/n/10 -> State: 1.7 <-[] 
 []


Overfull \hbox (78.74931pt too wide) in paragraph at lines 500--500
[]  \OT1/cmtt/m/n/10 agA.count = 1[] 
 []


Overfull \hbox (141.74876pt too wide) in paragraph at lines 500--500
[]  \OT1/cmtt/m/n/10 agB.state = receive3alpha[] 
 []


Overfull \hbox (136.49881pt too wide) in paragraph at lines 500--500
[]  \OT1/cmtt/m/n/10 agI.state = receive3beta[] 
 []


Overfull \hbox (83.99927pt too wide) in paragraph at lines 500--500
[]\OT1/cmtt/m/n/10 -> Input: 1.8 <-[] 
 []


Overfull \hbox (83.99927pt too wide) in paragraph at lines 500--500
[]\OT1/cmtt/m/n/10 -> State: 1.8 <-[] 
 []


Overfull \hbox (125.9989pt too wide) in paragraph at lines 500--500
[]  \OT1/cmtt/m/n/10 agB.state = send4alpha[] 
 []


Overfull \hbox (78.74931pt too wide) in paragraph at lines 500--500
[]  \OT1/cmtt/m/n/10 agB.count = 1[] 
 []


Overfull \hbox (120.74895pt too wide) in paragraph at lines 500--500
[]  \OT1/cmtt/m/n/10 agI.state = send3beta[] 
 []


Overfull \hbox (78.74931pt too wide) in paragraph at lines 500--500
[]  \OT1/cmtt/m/n/10 agI.count = 1[] 
 []


Overfull \hbox (83.99927pt too wide) in paragraph at lines 500--500
[]\OT1/cmtt/m/n/10 -> Input: 1.9 <-[] 
 []


Overfull \hbox (83.99927pt too wide) in paragraph at lines 500--500
[]\OT1/cmtt/m/n/10 -> State: 1.9 <-[] 
 []


Overfull \hbox (141.74876pt too wide) in paragraph at lines 500--500
[]  \OT1/cmtt/m/n/10 agA.state = receive4alpha[] 
 []


Overfull \hbox (136.49881pt too wide) in paragraph at lines 500--500
[]  \OT1/cmtt/m/n/10 agB.state = receive3beta[] 
 []


Overfull \hbox (120.74895pt too wide) in paragraph at lines 500--500
[]  \OT1/cmtt/m/n/10 agB.authenticated = 1[] 
 []


Overfull \hbox (89.24922pt too wide) in paragraph at lines 500--500
[]\OT1/cmtt/m/n/10 -> Input: 1.10 <-[] 
 []


Overfull \hbox (89.24922pt too wide) in paragraph at lines 500--500
[]\OT1/cmtt/m/n/10 -> State: 1.10 <-[] 
 []


Overfull \hbox (94.49918pt too wide) in paragraph at lines 500--500
[]  \OT1/cmtt/m/n/10 agA.state = wait[] 
 []


Overfull \hbox (120.74895pt too wide) in paragraph at lines 500--500
[]  \OT1/cmtt/m/n/10 agA.authenticated = 1[] 
 []


Overfull \hbox (120.74895pt too wide) in paragraph at lines 500--500
[]  \OT1/cmtt/m/n/10 agB.state = send4beta[] 
 []


Overfull \hbox (78.74931pt too wide) in paragraph at lines 500--500
[]  \OT1/cmtt/m/n/10 agB.count = 2[] 
 []


Overfull \hbox (299.24739pt too wide) in paragraph at lines 500--500
[]\OT1/cmtt/m/n/10 -- specification AG !(agI.state = receive4beta)  is false[] 

 []


Overfull \hbox (283.49753pt too wide) in paragraph at lines 500--500
[]\OT1/cmtt/m/n/10 -- as demonstrated by the following execution sequence[] 
 []


Overfull \hbox (194.2483pt too wide) in paragraph at lines 500--500
[]\OT1/cmtt/m/n/10 Trace Description: CTL Counterexample[] 
 []


Overfull \hbox (136.49881pt too wide) in paragraph at lines 500--500
[]\OT1/cmtt/m/n/10 Trace Type: Counterexample[] 
 []


Overfull \hbox (83.99927pt too wide) in paragraph at lines 500--500
[]\OT1/cmtt/m/n/10 -> State: 2.1 <-[] 
 []


Overfull \hbox (94.49918pt too wide) in paragraph at lines 500--500
[]  \OT1/cmtt/m/n/10 agA.state = wait[] 
 []


Overfull \hbox (78.74931pt too wide) in paragraph at lines 500--500
[]  \OT1/cmtt/m/n/10 agA.count = 0[] 
 []


Overfull \hbox (120.74895pt too wide) in paragraph at lines 500--500
[]  \OT1/cmtt/m/n/10 agA.authenticated = 0[] 
 []


Overfull \hbox (94.49918pt too wide) in paragraph at lines 500--500
[]  \OT1/cmtt/m/n/10 agB.state = wait[] 
 []


Overfull \hbox (78.74931pt too wide) in paragraph at lines 500--500
[]  \OT1/cmtt/m/n/10 agB.count = 0[] 
 []


Overfull \hbox (120.74895pt too wide) in paragraph at lines 500--500
[]  \OT1/cmtt/m/n/10 agB.authenticated = 0[] 
 []


Overfull \hbox (94.49918pt too wide) in paragraph at lines 500--500
[]  \OT1/cmtt/m/n/10 agS.state = wait[] 
 []


Overfull \hbox (78.74931pt too wide) in paragraph at lines 500--500
[]  \OT1/cmtt/m/n/10 agS.count = 0[] 
 []


Overfull \hbox (120.74895pt too wide) in paragraph at lines 500--500
[]  \OT1/cmtt/m/n/10 agS.authenticated = 1[] 
 []


Overfull \hbox (94.49918pt too wide) in paragraph at lines 500--500
[]  \OT1/cmtt/m/n/10 agI.state = wait[] 
 []


Overfull \hbox (78.74931pt too wide) in paragraph at lines 500--500
[]  \OT1/cmtt/m/n/10 agI.count = 0[] 
 []


Overfull \hbox (120.74895pt too wide) in paragraph at lines 500--500
[]  \OT1/cmtt/m/n/10 agI.authenticated = 0[] 
 []


Overfull \hbox (68.2494pt too wide) in paragraph at lines 500--500
[]  \OT1/cmtt/m/n/10 Iactive = 0[] 
 []


Overfull \hbox (83.99927pt too wide) in paragraph at lines 500--500
[]\OT1/cmtt/m/n/10 -> Input: 2.2 <-[] 
 []


Overfull \hbox (83.99927pt too wide) in paragraph at lines 500--500
[]\OT1/cmtt/m/n/10 -> State: 2.2 <-[] 
 []


Overfull \hbox (99.74913pt too wide) in paragraph at lines 500--500
[]  \OT1/cmtt/m/n/10 agA.state = send1[] 
 []


Overfull \hbox (78.74931pt too wide) in paragraph at lines 500--500
[]  \OT1/cmtt/m/n/10 agS.count = 2[] 
 []


Overfull \hbox (83.99927pt too wide) in paragraph at lines 500--500
[]\OT1/cmtt/m/n/10 -> Input: 2.3 <-[] 
 []


Overfull \hbox (83.99927pt too wide) in paragraph at lines 500--500
[]\OT1/cmtt/m/n/10 -> State: 2.3 <-[] 
 []


Overfull \hbox (115.499pt too wide) in paragraph at lines 500--500
[]  \OT1/cmtt/m/n/10 agS.state = receive1[] 
 []


Overfull \hbox (83.99927pt too wide) in paragraph at lines 500--500
[]\OT1/cmtt/m/n/10 -> Input: 2.4 <-[] 
 []


Overfull \hbox (83.99927pt too wide) in paragraph at lines 500--500
[]\OT1/cmtt/m/n/10 -> State: 2.4 <-[] 
 []


Overfull \hbox (99.74913pt too wide) in paragraph at lines 500--500
[]  \OT1/cmtt/m/n/10 agS.state = send2[] 
 []


Overfull \hbox (83.99927pt too wide) in paragraph at lines 500--500
[]\OT1/cmtt/m/n/10 -> Input: 2.5 <-[] 
 []


Overfull \hbox (83.99927pt too wide) in paragraph at lines 500--500
[]\OT1/cmtt/m/n/10 -> State: 2.5 <-[] 
 []


Overfull \hbox (115.499pt too wide) in paragraph at lines 500--500
[]  \OT1/cmtt/m/n/10 agA.state = receive2[] 
 []


Overfull \hbox (94.49918pt too wide) in paragraph at lines 500--500
[]  \OT1/cmtt/m/n/10 agS.state = wait[] 
 []


Overfull \hbox (83.99927pt too wide) in paragraph at lines 500--500
[]\OT1/cmtt/m/n/10 -> Input: 2.6 <-[] 
 []


Overfull \hbox (83.99927pt too wide) in paragraph at lines 500--500
[]\OT1/cmtt/m/n/10 -> State: 2.6 <-[] 
 []


Overfull \hbox (125.9989pt too wide) in paragraph at lines 500--500
[]  \OT1/cmtt/m/n/10 agA.state = send3alpha[] 
 []


Overfull \hbox (68.2494pt too wide) in paragraph at lines 500--500
[]  \OT1/cmtt/m/n/10 Iactive = 1[] 
 []


Overfull \hbox (83.99927pt too wide) in paragraph at lines 500--500
[]\OT1/cmtt/m/n/10 -> Input: 2.7 <-[] 
 []


Overfull \hbox (83.99927pt too wide) in paragraph at lines 500--500
[]\OT1/cmtt/m/n/10 -> State: 2.7 <-[] 
 []


Overfull \hbox (78.74931pt too wide) in paragraph at lines 500--500
[]  \OT1/cmtt/m/n/10 agA.count = 1[] 
 []


Overfull \hbox (141.74876pt too wide) in paragraph at lines 500--500
[]  \OT1/cmtt/m/n/10 agB.state = receive3alpha[] 
 []


Overfull \hbox (136.49881pt too wide) in paragraph at lines 500--500
[]  \OT1/cmtt/m/n/10 agI.state = receive3beta[] 
 []


Overfull \hbox (83.99927pt too wide) in paragraph at lines 500--500
[]\OT1/cmtt/m/n/10 -> Input: 2.8 <-[] 
 []


Overfull \hbox (83.99927pt too wide) in paragraph at lines 500--500
[]\OT1/cmtt/m/n/10 -> State: 2.8 <-[] 
 []


Overfull \hbox (125.9989pt too wide) in paragraph at lines 500--500
[]  \OT1/cmtt/m/n/10 agB.state = send4alpha[] 
 []


Overfull \hbox (78.74931pt too wide) in paragraph at lines 500--500
[]  \OT1/cmtt/m/n/10 agB.count = 1[] 
 []


Overfull \hbox (120.74895pt too wide) in paragraph at lines 500--500
[]  \OT1/cmtt/m/n/10 agI.state = send3beta[] 
 []


Overfull \hbox (78.74931pt too wide) in paragraph at lines 500--500
[]  \OT1/cmtt/m/n/10 agI.count = 1[] 
 []


Overfull \hbox (83.99927pt too wide) in paragraph at lines 500--500
[]\OT1/cmtt/m/n/10 -> Input: 2.9 <-[] 
 []


Overfull \hbox (83.99927pt too wide) in paragraph at lines 500--500
[]\OT1/cmtt/m/n/10 -> State: 2.9 <-[] 
 []


Overfull \hbox (141.74876pt too wide) in paragraph at lines 500--500
[]  \OT1/cmtt/m/n/10 agA.state = receive4alpha[] 
 []


Overfull \hbox (136.49881pt too wide) in paragraph at lines